mode: set
github.com/Vidkin/metrics/cmd/agent/main.go:26.13,29.16 3 0
github.com/Vidkin/metrics/cmd/agent/main.go:29.16,30.13 1 0
github.com/Vidkin/metrics/cmd/agent/main.go:32.2,32.63 1 0
github.com/Vidkin/metrics/cmd/agent/main.go:32.63,33.13 1 0
github.com/Vidkin/metrics/cmd/agent/main.go:35.2,38.33 4 0
github.com/Vidkin/metrics/cmd/agent/main.go:38.33,40.3 1 0
github.com/Vidkin/metrics/cmd/agent/main.go:41.2,50.12 7 0
github.com/Vidkin/metrics/cmd/agent/main.go:50.12,53.3 2 0
github.com/Vidkin/metrics/cmd/agent/main.go:55.2,55.11 1 0
github.com/Vidkin/metrics/app/server.go:30.65,31.56 1 0
github.com/Vidkin/metrics/app/server.go:31.56,33.3 1 0
github.com/Vidkin/metrics/app/server.go:34.2,35.16 2 0
github.com/Vidkin/metrics/app/server.go:35.16,37.3 1 0
github.com/Vidkin/metrics/app/server.go:38.2,49.8 4 0
github.com/Vidkin/metrics/app/server.go:52.29,53.12 1 0
github.com/Vidkin/metrics/app/server.go:53.12,55.17 2 0
github.com/Vidkin/metrics/app/server.go:55.17,57.4 1 0
github.com/Vidkin/metrics/app/server.go:59.2,59.30 1 0
github.com/Vidkin/metrics/app/server.go:59.30,60.172 1 0
github.com/Vidkin/metrics/app/server.go:60.172,62.4 1 0
github.com/Vidkin/metrics/app/server.go:63.8,64.79 1 0
github.com/Vidkin/metrics/app/server.go:64.79,66.4 1 0
github.com/Vidkin/metrics/app/server.go:70.40,71.52 1 0
github.com/Vidkin/metrics/app/server.go:71.52,72.45 1 0
github.com/Vidkin/metrics/app/server.go:72.45,74.18 2 0
github.com/Vidkin/metrics/app/server.go:74.18,76.61 2 0
github.com/Vidkin/metrics/app/server.go:76.61,79.14 3 0
github.com/Vidkin/metrics/app/server.go:81.5,81.60 1 0
github.com/Vidkin/metrics/app/server.go:83.4,83.9 1 0
github.com/Vidkin/metrics/app/server.go:86.2,86.68 1 0
github.com/Vidkin/metrics/app/server.go:89.27,93.32 3 0
github.com/Vidkin/metrics/app/server.go:93.32,95.13 2 0
github.com/Vidkin/metrics/app/server.go:95.13,96.23 1 0
github.com/Vidkin/metrics/app/server.go:96.23,97.42 1 0
github.com/Vidkin/metrics/app/server.go:97.42,99.6 1 0
github.com/Vidkin/metrics/app/server.go:104.2,108.16 4 0
github.com/Vidkin/metrics/app/server.go:111.28,118.44 4 0
github.com/Vidkin/metrics/app/server.go:118.44,120.3 1 0
github.com/Vidkin/metrics/app/server.go:122.2,123.54 2 0
github.com/Vidkin/metrics/app/server.go:123.54,124.40 1 0
github.com/Vidkin/metrics/app/server.go:124.40,126.4 1 0
github.com/Vidkin/metrics/app/server.go:128.2,129.16 2 0
github.com/Vidkin/metrics/app/server.go:129.16,131.3 1 0
github.com/Vidkin/metrics/cmd/server/main.go:16.13,19.16 3 0
github.com/Vidkin/metrics/cmd/server/main.go:19.16,20.13 1 0
github.com/Vidkin/metrics/cmd/server/main.go:23.2,24.16 2 0
github.com/Vidkin/metrics/cmd/server/main.go:24.16,25.13 1 0
github.com/Vidkin/metrics/cmd/server/main.go:27.2,27.17 1 0
github.com/Vidkin/metrics/cmd/staticlint/multichecker.go:100.53,102.42 2 0
github.com/Vidkin/metrics/cmd/staticlint/multichecker.go:102.42,103.47 1 0
github.com/Vidkin/metrics/cmd/staticlint/multichecker.go:103.47,105.4 1 0
github.com/Vidkin/metrics/cmd/staticlint/multichecker.go:107.2,107.41 1 0
github.com/Vidkin/metrics/cmd/staticlint/multichecker.go:107.41,108.95 1 0
github.com/Vidkin/metrics/cmd/staticlint/multichecker.go:108.95,110.4 1 0
github.com/Vidkin/metrics/cmd/staticlint/multichecker.go:112.2,112.15 1 0
github.com/Vidkin/metrics/cmd/staticlint/multichecker.go:115.50,164.2 47 0
github.com/Vidkin/metrics/cmd/staticlint/multichecker.go:168.13,178.2 7 0
github.com/Vidkin/metrics/internal/config/agent_config.go:50.45,55.16 5 0
github.com/Vidkin/metrics/internal/config/agent_config.go:55.16,57.3 1 0
github.com/Vidkin/metrics/internal/config/agent_config.go:58.2,58.21 1 0
github.com/Vidkin/metrics/internal/config/agent_config.go:61.47,72.29 10 0
github.com/Vidkin/metrics/internal/config/agent_config.go:72.29,73.66 1 0
github.com/Vidkin/metrics/internal/config/agent_config.go:73.66,75.4 1 0
github.com/Vidkin/metrics/internal/config/agent_config.go:78.2,79.16 2 0
github.com/Vidkin/metrics/internal/config/agent_config.go:79.16,81.3 1 0
github.com/Vidkin/metrics/internal/config/agent_config.go:83.2,83.40 1 0
github.com/Vidkin/metrics/internal/config/agent_config.go:83.40,85.3 1 0
github.com/Vidkin/metrics/internal/config/agent_config.go:87.2,87.12 1 0
github.com/Vidkin/metrics/internal/config/agent_config.go:90.62,92.16 2 0
github.com/Vidkin/metrics/internal/config/agent_config.go:92.16,94.3 1 0
github.com/Vidkin/metrics/internal/config/agent_config.go:96.2,97.62 2 0
github.com/Vidkin/metrics/internal/config/agent_config.go:97.62,99.3 1 0
github.com/Vidkin/metrics/internal/config/agent_config.go:101.2,101.40 1 0
github.com/Vidkin/metrics/internal/config/agent_config.go:101.40,103.3 1 0
github.com/Vidkin/metrics/internal/config/agent_config.go:105.2,112.33 7 0
github.com/Vidkin/metrics/internal/config/agent_config.go:112.33,114.14 2 0
github.com/Vidkin/metrics/internal/config/agent_config.go:115.20,116.29 1 0
github.com/Vidkin/metrics/internal/config/agent_config.go:117.38,118.26 1 0
github.com/Vidkin/metrics/internal/config/agent_config.go:119.20,120.31 1 0
github.com/Vidkin/metrics/internal/config/agent_config.go:121.20,122.26 1 0
github.com/Vidkin/metrics/internal/config/agent_config.go:123.20,124.24 1 0
github.com/Vidkin/metrics/internal/config/agent_config.go:128.2,128.22 1 0
github.com/Vidkin/metrics/internal/config/agent_config.go:128.22,130.3 1 0
github.com/Vidkin/metrics/internal/config/agent_config.go:132.2,132.27 1 0
github.com/Vidkin/metrics/internal/config/agent_config.go:132.27,134.3 1 0
github.com/Vidkin/metrics/internal/config/agent_config.go:136.2,136.25 1 0
github.com/Vidkin/metrics/internal/config/agent_config.go:136.25,138.3 1 0
github.com/Vidkin/metrics/internal/config/agent_config.go:140.2,140.22 1 0
github.com/Vidkin/metrics/internal/config/agent_config.go:140.22,142.3 1 0
github.com/Vidkin/metrics/internal/config/agent_config.go:144.2,144.20 1 0
github.com/Vidkin/metrics/internal/config/agent_config.go:144.20,146.3 1 0
github.com/Vidkin/metrics/internal/config/agent_config.go:148.2,148.12 1 0
github.com/Vidkin/metrics/internal/config/interval.go:12.53,15.59 2 0
github.com/Vidkin/metrics/internal/config/interval.go:15.59,17.3 1 0
github.com/Vidkin/metrics/internal/config/interval.go:19.2,19.41 1 0
github.com/Vidkin/metrics/internal/config/interval.go:19.41,21.17 2 0
github.com/Vidkin/metrics/internal/config/interval.go:21.17,23.4 1 0
github.com/Vidkin/metrics/internal/config/interval.go:24.3,24.25 1 0
github.com/Vidkin/metrics/internal/config/interval.go:25.8,27.3 1 0
github.com/Vidkin/metrics/internal/config/interval.go:28.2,28.12 1 0
github.com/Vidkin/metrics/internal/config/server_address.go:35.40,40.2 1 0
github.com/Vidkin/metrics/internal/config/server_address.go:46.41,48.2 1 0
github.com/Vidkin/metrics/internal/config/server_address.go:58.55,61.31 2 0
github.com/Vidkin/metrics/internal/config/server_address.go:61.31,63.3 1 0
github.com/Vidkin/metrics/internal/config/server_address.go:65.2,67.16 2 0
github.com/Vidkin/metrics/internal/config/server_address.go:67.16,69.3 1 0
github.com/Vidkin/metrics/internal/config/server_address.go:71.2,74.12 3 0
github.com/Vidkin/metrics/internal/config/server_address.go:85.58,88.16 3 0
github.com/Vidkin/metrics/internal/config/server_address.go:88.16,90.3 1 0
github.com/Vidkin/metrics/internal/config/server_address.go:91.2,93.16 3 0
github.com/Vidkin/metrics/internal/config/server_address.go:93.16,95.3 1 0
github.com/Vidkin/metrics/internal/config/server_address.go:96.2,97.12 2 0
github.com/Vidkin/metrics/internal/config/server_config.go:39.47,44.16 5 0
github.com/Vidkin/metrics/internal/config/server_config.go:44.16,46.3 1 0
github.com/Vidkin/metrics/internal/config/server_config.go:47.2,47.21 1 0
github.com/Vidkin/metrics/internal/config/server_config.go:50.48,63.29 12 0
github.com/Vidkin/metrics/internal/config/server_config.go:63.29,64.66 1 0
github.com/Vidkin/metrics/internal/config/server_config.go:64.66,66.4 1 0
github.com/Vidkin/metrics/internal/config/server_config.go:69.2,70.16 2 0
github.com/Vidkin/metrics/internal/config/server_config.go:70.16,72.3 1 0
github.com/Vidkin/metrics/internal/config/server_config.go:74.2,74.40 1 0
github.com/Vidkin/metrics/internal/config/server_config.go:74.40,76.3 1 0
github.com/Vidkin/metrics/internal/config/server_config.go:78.2,78.12 1 0
github.com/Vidkin/metrics/internal/config/server_config.go:81.63,83.16 2 0
github.com/Vidkin/metrics/internal/config/server_config.go:83.16,85.3 1 0
github.com/Vidkin/metrics/internal/config/server_config.go:87.2,88.63 2 0
github.com/Vidkin/metrics/internal/config/server_config.go:88.63,90.3 1 0
github.com/Vidkin/metrics/internal/config/server_config.go:92.2,92.40 1 0
github.com/Vidkin/metrics/internal/config/server_config.go:92.40,94.3 1 0
github.com/Vidkin/metrics/internal/config/server_config.go:96.2,104.33 8 0
github.com/Vidkin/metrics/internal/config/server_config.go:104.33,106.14 2 0
github.com/Vidkin/metrics/internal/config/server_config.go:107.20,108.26 1 0
github.com/Vidkin/metrics/internal/config/server_config.go:109.20,110.30 1 0
github.com/Vidkin/metrics/internal/config/server_config.go:111.20,112.22 1 0
github.com/Vidkin/metrics/internal/config/server_config.go:113.38,114.26 1 0
github.com/Vidkin/metrics/internal/config/server_config.go:115.20,116.24 1 0
github.com/Vidkin/metrics/internal/config/server_config.go:117.20,118.24 1 0
github.com/Vidkin/metrics/internal/config/server_config.go:122.2,122.18 1 0
github.com/Vidkin/metrics/internal/config/server_config.go:122.18,124.3 1 0
github.com/Vidkin/metrics/internal/config/server_config.go:126.2,126.22 1 0
github.com/Vidkin/metrics/internal/config/server_config.go:126.22,128.3 1 0
github.com/Vidkin/metrics/internal/config/server_config.go:130.2,130.22 1 0
github.com/Vidkin/metrics/internal/config/server_config.go:130.22,132.3 1 0
github.com/Vidkin/metrics/internal/config/server_config.go:134.2,134.26 1 0
github.com/Vidkin/metrics/internal/config/server_config.go:134.26,136.3 1 0
github.com/Vidkin/metrics/internal/config/server_config.go:138.2,138.20 1 0
github.com/Vidkin/metrics/internal/config/server_config.go:138.20,140.3 1 0
github.com/Vidkin/metrics/internal/config/server_config.go:142.2,142.20 1 0
github.com/Vidkin/metrics/internal/config/server_config.go:142.20,144.3 1 0
github.com/Vidkin/metrics/internal/config/server_config.go:146.2,146.12 1 0
github.com/Vidkin/metrics/internal/certs/x509.go:17.47,19.2 1 0
github.com/Vidkin/metrics/internal/certs/x509.go:21.13,48.16 3 0
github.com/Vidkin/metrics/internal/certs/x509.go:48.16,50.3 1 0
github.com/Vidkin/metrics/internal/certs/x509.go:53.2,54.16 2 0
github.com/Vidkin/metrics/internal/certs/x509.go:54.16,56.3 1 0
github.com/Vidkin/metrics/internal/certs/x509.go:60.2,73.16 6 0
github.com/Vidkin/metrics/internal/certs/x509.go:73.16,75.3 1 0
github.com/Vidkin/metrics/internal/certs/x509.go:77.2,78.16 2 0
github.com/Vidkin/metrics/internal/certs/x509.go:78.16,80.3 1 0
github.com/Vidkin/metrics/internal/logger/logger.go:10.40,12.16 2 0
github.com/Vidkin/metrics/internal/logger/logger.go:12.16,14.3 1 0
github.com/Vidkin/metrics/internal/logger/logger.go:16.2,20.16 4 0
github.com/Vidkin/metrics/internal/logger/logger.go:20.16,22.3 1 0
github.com/Vidkin/metrics/internal/logger/logger.go:23.2,26.12 3 0
github.com/Vidkin/metrics/internal/metric/metric.go:23.41,24.24 1 0
github.com/Vidkin/metrics/internal/metric/metric.go:24.24,26.3 1 0
github.com/Vidkin/metrics/internal/metric/metric.go:27.2,27.40 1 0
github.com/Vidkin/metrics/internal/repository/mock/mock_repository.go:28.65,32.2 3 0
github.com/Vidkin/metrics/internal/repository/mock/mock_repository.go:35.63,37.2 1 0
github.com/Vidkin/metrics/internal/repository/mock/mock_repository.go:40.86,46.2 1 0
github.com/Vidkin/metrics/internal/repository/mock/mock_repository.go:49.95,53.2 1 0
github.com/Vidkin/metrics/internal/repository/mock/mock_repository.go:56.86,63.2 1 0
github.com/Vidkin/metrics/internal/repository/mock/mock_repository.go:66.82,70.2 1 0
github.com/Vidkin/metrics/internal/repository/mock/mock_repository.go:73.84,80.2 1 0
github.com/Vidkin/metrics/internal/repository/mock/mock_repository.go:83.80,87.2 1 0
github.com/Vidkin/metrics/internal/repository/mock/mock_repository.go:90.101,96.2 5 0
github.com/Vidkin/metrics/internal/repository/mock/mock_repository.go:99.92,102.2 2 0
github.com/Vidkin/metrics/internal/repository/mock/mock_repository.go:105.85,111.2 5 0
github.com/Vidkin/metrics/internal/repository/mock/mock_repository.go:114.81,117.2 2 0
github.com/Vidkin/metrics/internal/repository/mock/mock_repository.go:120.88,125.2 4 0
github.com/Vidkin/metrics/internal/repository/mock/mock_repository.go:128.89,131.2 2 0
github.com/Vidkin/metrics/internal/repository/mock/mock_repository.go:134.91,139.2 4 0
github.com/Vidkin/metrics/internal/repository/mock/mock_repository.go:142.90,145.2 2 0
github.com/Vidkin/metrics/internal/repository/mock/mock_repository.go:148.58,153.2 4 0
github.com/Vidkin/metrics/internal/repository/mock/mock_repository.go:156.75,159.2 2 0
github.com/Vidkin/metrics/internal/repository/mock/mock_repository.go:162.43,168.2 1 0
github.com/Vidkin/metrics/internal/repository/mock/mock_repository.go:171.63,175.2 1 0
github.com/Vidkin/metrics/internal/repository/mock/mock_repository.go:178.59,183.2 4 0
github.com/Vidkin/metrics/internal/repository/mock/mock_repository.go:186.75,189.2 2 0
github.com/Vidkin/metrics/pkg/compress/gzip.go:32.55,37.2 1 0
github.com/Vidkin/metrics/pkg/compress/gzip.go:41.39,43.2 1 0
github.com/Vidkin/metrics/pkg/compress/gzip.go:53.47,56.2 2 0
github.com/Vidkin/metrics/pkg/compress/gzip.go:60.46,62.2 1 0
github.com/Vidkin/metrics/pkg/compress/gzip.go:66.32,68.2 1 0
github.com/Vidkin/metrics/pkg/compress/gzip.go:87.58,89.16 2 0
github.com/Vidkin/metrics/pkg/compress/gzip.go:89.16,92.3 2 0
github.com/Vidkin/metrics/pkg/compress/gzip.go:94.2,97.8 1 0
github.com/Vidkin/metrics/pkg/compress/gzip.go:107.51,109.2 1 0
github.com/Vidkin/metrics/pkg/compress/gzip.go:113.32,114.36 1 0
github.com/Vidkin/metrics/pkg/compress/gzip.go:114.36,116.3 1 0
github.com/Vidkin/metrics/pkg/compress/gzip.go:117.2,117.21 1 0
github.com/Vidkin/metrics/pkg/hash/sha256.go:22.52,27.2 4 0
github.com/Vidkin/metrics/pkg/middleware/gzip.go:25.40,26.71 1 0
github.com/Vidkin/metrics/pkg/middleware/gzip.go:26.71,29.47 3 0
github.com/Vidkin/metrics/pkg/middleware/gzip.go:29.47,32.17 3 0
github.com/Vidkin/metrics/pkg/middleware/gzip.go:32.17,33.38 1 0
github.com/Vidkin/metrics/pkg/middleware/gzip.go:33.38,35.6 1 0
github.com/Vidkin/metrics/pkg/middleware/gzip.go:39.3,40.48 2 0
github.com/Vidkin/metrics/pkg/middleware/gzip.go:40.48,41.17 1 0
github.com/Vidkin/metrics/pkg/middleware/gzip.go:41.17,42.42 1 0
github.com/Vidkin/metrics/pkg/middleware/gzip.go:42.42,44.6 1 0
github.com/Vidkin/metrics/pkg/middleware/gzip.go:47.4,48.18 2 0
github.com/Vidkin/metrics/pkg/middleware/gzip.go:48.18,52.5 3 0
github.com/Vidkin/metrics/pkg/middleware/gzip.go:53.4,54.17 2 0
github.com/Vidkin/metrics/pkg/middleware/gzip.go:54.17,55.38 1 0
github.com/Vidkin/metrics/pkg/middleware/gzip.go:55.38,57.6 1 0
github.com/Vidkin/metrics/pkg/middleware/gzip.go:61.3,61.21 1 0
github.com/Vidkin/metrics/pkg/middleware/hash.go:31.55,32.46 1 0
github.com/Vidkin/metrics/pkg/middleware/hash.go:32.46,33.72 1 0
github.com/Vidkin/metrics/pkg/middleware/hash.go:33.72,35.18 2 0
github.com/Vidkin/metrics/pkg/middleware/hash.go:35.18,39.5 3 0
github.com/Vidkin/metrics/pkg/middleware/hash.go:39.10,41.19 2 0
github.com/Vidkin/metrics/pkg/middleware/hash.go:41.19,45.6 3 0
github.com/Vidkin/metrics/pkg/middleware/hash.go:47.5,50.18 3 0
github.com/Vidkin/metrics/pkg/middleware/hash.go:50.18,51.42 1 0
github.com/Vidkin/metrics/pkg/middleware/hash.go:51.42,53.7 1 0
github.com/Vidkin/metrics/pkg/middleware/hash.go:56.5,57.19 2 0
github.com/Vidkin/metrics/pkg/middleware/hash.go:57.19,61.6 3 0
github.com/Vidkin/metrics/pkg/middleware/hash.go:63.5,64.35 2 0
github.com/Vidkin/metrics/pkg/middleware/hash.go:64.35,68.6 3 0
github.com/Vidkin/metrics/pkg/middleware/hash.go:70.5,71.18 2 0
github.com/Vidkin/metrics/pkg/middleware/hash.go:71.18,72.43 1 0
github.com/Vidkin/metrics/pkg/middleware/hash.go:72.43,74.7 1 0
github.com/Vidkin/metrics/pkg/middleware/hash.go:78.4,82.29 2 0
github.com/Vidkin/metrics/pkg/middleware/logging.go:33.66,37.2 3 0
github.com/Vidkin/metrics/pkg/middleware/logging.go:46.62,49.2 2 0
github.com/Vidkin/metrics/pkg/middleware/logging.go:65.43,66.74 1 0
github.com/Vidkin/metrics/pkg/middleware/logging.go:66.74,91.3 7 0
github.com/Vidkin/metrics/internal/agent/worker.go:80.132,87.2 1 1
github.com/Vidkin/metrics/internal/agent/worker.go:89.100,94.16 4 1
github.com/Vidkin/metrics/internal/agent/worker.go:94.16,97.3 2 0
github.com/Vidkin/metrics/internal/agent/worker.go:98.2,102.16 4 1
github.com/Vidkin/metrics/internal/agent/worker.go:102.16,105.3 2 0
github.com/Vidkin/metrics/internal/agent/worker.go:107.2,139.41 2 1
github.com/Vidkin/metrics/internal/agent/worker.go:139.41,141.3 1 1
github.com/Vidkin/metrics/internal/agent/worker.go:143.2,145.33 3 1
github.com/Vidkin/metrics/internal/agent/worker.go:145.33,152.17 3 1
github.com/Vidkin/metrics/internal/agent/worker.go:152.17,155.4 2 0
github.com/Vidkin/metrics/internal/agent/worker.go:156.3,156.18 1 1
github.com/Vidkin/metrics/internal/agent/worker.go:158.2,165.16 4 1
github.com/Vidkin/metrics/internal/agent/worker.go:165.16,168.3 2 0
github.com/Vidkin/metrics/internal/agent/worker.go:171.113,173.16 2 1
github.com/Vidkin/metrics/internal/agent/worker.go:173.16,176.3 2 0
github.com/Vidkin/metrics/internal/agent/worker.go:178.2,181.16 4 1
github.com/Vidkin/metrics/internal/agent/worker.go:181.16,184.3 2 0
github.com/Vidkin/metrics/internal/agent/worker.go:186.2,187.16 2 1
github.com/Vidkin/metrics/internal/agent/worker.go:187.16,190.3 2 0
github.com/Vidkin/metrics/internal/agent/worker.go:192.2,199.16 3 1
github.com/Vidkin/metrics/internal/agent/worker.go:199.16,202.3 2 0
github.com/Vidkin/metrics/internal/agent/worker.go:203.2,203.33 1 1
github.com/Vidkin/metrics/internal/agent/worker.go:203.33,205.17 2 1
github.com/Vidkin/metrics/internal/agent/worker.go:205.17,207.4 1 0
github.com/Vidkin/metrics/internal/agent/worker.go:210.2,212.47 3 1
github.com/Vidkin/metrics/internal/agent/worker.go:212.47,215.17 3 1
github.com/Vidkin/metrics/internal/agent/worker.go:215.17,218.4 2 0
github.com/Vidkin/metrics/internal/agent/worker.go:219.3,219.10 1 1
github.com/Vidkin/metrics/internal/agent/worker.go:220.8,222.3 1 1
github.com/Vidkin/metrics/internal/agent/worker.go:224.2,224.9 1 1
github.com/Vidkin/metrics/internal/agent/worker.go:225.20,227.26 2 0
github.com/Vidkin/metrics/internal/agent/worker.go:228.10,230.17 2 1
github.com/Vidkin/metrics/internal/agent/worker.go:230.17,233.4 2 0
github.com/Vidkin/metrics/internal/agent/worker.go:234.3,234.50 1 1
github.com/Vidkin/metrics/internal/agent/worker.go:238.102,239.6 1 1
github.com/Vidkin/metrics/internal/agent/worker.go:239.6,240.10 1 1
github.com/Vidkin/metrics/internal/agent/worker.go:241.24,242.11 1 1
github.com/Vidkin/metrics/internal/agent/worker.go:242.11,244.5 1 1
github.com/Vidkin/metrics/internal/agent/worker.go:245.4,250.18 6 1
github.com/Vidkin/metrics/internal/agent/worker.go:250.18,252.5 1 0
github.com/Vidkin/metrics/internal/agent/worker.go:254.4,254.44 1 1
github.com/Vidkin/metrics/internal/agent/worker.go:254.44,256.28 2 1
github.com/Vidkin/metrics/internal/agent/worker.go:256.28,260.6 3 0
github.com/Vidkin/metrics/internal/agent/worker.go:261.5,267.19 2 1
github.com/Vidkin/metrics/internal/agent/worker.go:267.19,269.59 2 0
github.com/Vidkin/metrics/internal/agent/worker.go:269.59,272.15 3 0
github.com/Vidkin/metrics/internal/agent/worker.go:274.6,275.12 2 0
github.com/Vidkin/metrics/internal/agent/worker.go:277.5,277.10 1 1
github.com/Vidkin/metrics/internal/agent/worker.go:280.21,281.10 1 0
github.com/Vidkin/metrics/internal/agent/worker.go:286.51,289.31 3 0
github.com/Vidkin/metrics/internal/agent/worker.go:289.31,291.3 1 0
github.com/Vidkin/metrics/internal/agent/worker.go:292.2,297.6 4 0
github.com/Vidkin/metrics/internal/agent/worker.go:297.6,299.10 2 0
github.com/Vidkin/metrics/internal/agent/worker.go:300.21,308.14 7 0
github.com/Vidkin/metrics/internal/agent/worker.go:308.14,310.5 1 0
github.com/Vidkin/metrics/internal/agent/worker.go:312.4,313.10 2 0
github.com/Vidkin/metrics/internal/agent/worker.go:314.11,318.14 3 0
github.com/Vidkin/metrics/internal/agent/worker.go:318.14,321.5 2 0
github.com/Vidkin/metrics/internal/agent/worker.go:323.4,323.81 1 0
github.com/Vidkin/metrics/internal/agent/worker.go:323.81,325.47 2 0
github.com/Vidkin/metrics/internal/agent/worker.go:325.47,327.16 2 0
github.com/Vidkin/metrics/internal/agent/worker.go:327.16,330.7 2 0
github.com/Vidkin/metrics/internal/agent/worker.go:333.4,334.11 2 0
github.com/Vidkin/metrics/internal/config/agent_config.go:50.45,55.16 5 0
github.com/Vidkin/metrics/internal/config/agent_config.go:55.16,57.3 1 0
github.com/Vidkin/metrics/internal/config/agent_config.go:58.2,58.21 1 0
github.com/Vidkin/metrics/internal/config/agent_config.go:61.47,72.29 10 0
github.com/Vidkin/metrics/internal/config/agent_config.go:72.29,73.66 1 0
github.com/Vidkin/metrics/internal/config/agent_config.go:73.66,75.4 1 0
github.com/Vidkin/metrics/internal/config/agent_config.go:78.2,79.16 2 0
github.com/Vidkin/metrics/internal/config/agent_config.go:79.16,81.3 1 0
github.com/Vidkin/metrics/internal/config/agent_config.go:83.2,83.40 1 0
github.com/Vidkin/metrics/internal/config/agent_config.go:83.40,85.3 1 0
github.com/Vidkin/metrics/internal/config/agent_config.go:87.2,87.12 1 0
github.com/Vidkin/metrics/internal/config/agent_config.go:90.62,92.16 2 0
github.com/Vidkin/metrics/internal/config/agent_config.go:92.16,94.3 1 0
github.com/Vidkin/metrics/internal/config/agent_config.go:96.2,97.62 2 0
github.com/Vidkin/metrics/internal/config/agent_config.go:97.62,99.3 1 0
github.com/Vidkin/metrics/internal/config/agent_config.go:101.2,101.40 1 0
github.com/Vidkin/metrics/internal/config/agent_config.go:101.40,103.3 1 0
github.com/Vidkin/metrics/internal/config/agent_config.go:105.2,112.33 7 0
github.com/Vidkin/metrics/internal/config/agent_config.go:112.33,114.14 2 0
github.com/Vidkin/metrics/internal/config/agent_config.go:115.20,116.29 1 0
github.com/Vidkin/metrics/internal/config/agent_config.go:117.38,118.26 1 0
github.com/Vidkin/metrics/internal/config/agent_config.go:119.20,120.31 1 0
github.com/Vidkin/metrics/internal/config/agent_config.go:121.20,122.26 1 0
github.com/Vidkin/metrics/internal/config/agent_config.go:123.20,124.24 1 0
github.com/Vidkin/metrics/internal/config/agent_config.go:128.2,128.22 1 0
github.com/Vidkin/metrics/internal/config/agent_config.go:128.22,130.3 1 0
github.com/Vidkin/metrics/internal/config/agent_config.go:132.2,132.27 1 0
github.com/Vidkin/metrics/internal/config/agent_config.go:132.27,134.3 1 0
github.com/Vidkin/metrics/internal/config/agent_config.go:136.2,136.25 1 0
github.com/Vidkin/metrics/internal/config/agent_config.go:136.25,138.3 1 0
github.com/Vidkin/metrics/internal/config/agent_config.go:140.2,140.22 1 0
github.com/Vidkin/metrics/internal/config/agent_config.go:140.22,142.3 1 0
github.com/Vidkin/metrics/internal/config/agent_config.go:144.2,144.20 1 0
github.com/Vidkin/metrics/internal/config/agent_config.go:144.20,146.3 1 0
github.com/Vidkin/metrics/internal/config/agent_config.go:148.2,148.12 1 0
github.com/Vidkin/metrics/internal/config/interval.go:12.53,15.59 2 0
github.com/Vidkin/metrics/internal/config/interval.go:15.59,17.3 1 0
github.com/Vidkin/metrics/internal/config/interval.go:19.2,19.41 1 0
github.com/Vidkin/metrics/internal/config/interval.go:19.41,21.17 2 0
github.com/Vidkin/metrics/internal/config/interval.go:21.17,23.4 1 0
github.com/Vidkin/metrics/internal/config/interval.go:24.3,24.25 1 0
github.com/Vidkin/metrics/internal/config/interval.go:25.8,27.3 1 0
github.com/Vidkin/metrics/internal/config/interval.go:28.2,28.12 1 0
github.com/Vidkin/metrics/internal/config/server_address.go:35.40,40.2 1 0
github.com/Vidkin/metrics/internal/config/server_address.go:46.41,48.2 1 0
github.com/Vidkin/metrics/internal/config/server_address.go:58.55,61.31 2 0
github.com/Vidkin/metrics/internal/config/server_address.go:61.31,63.3 1 0
github.com/Vidkin/metrics/internal/config/server_address.go:65.2,67.16 2 0
github.com/Vidkin/metrics/internal/config/server_address.go:67.16,69.3 1 0
github.com/Vidkin/metrics/internal/config/server_address.go:71.2,74.12 3 0
github.com/Vidkin/metrics/internal/config/server_address.go:85.58,88.16 3 0
github.com/Vidkin/metrics/internal/config/server_address.go:88.16,90.3 1 0
github.com/Vidkin/metrics/internal/config/server_address.go:91.2,93.16 3 0
github.com/Vidkin/metrics/internal/config/server_address.go:93.16,95.3 1 0
github.com/Vidkin/metrics/internal/config/server_address.go:96.2,97.12 2 0
github.com/Vidkin/metrics/internal/config/server_config.go:39.47,44.16 5 0
github.com/Vidkin/metrics/internal/config/server_config.go:44.16,46.3 1 0
github.com/Vidkin/metrics/internal/config/server_config.go:47.2,47.21 1 0
github.com/Vidkin/metrics/internal/config/server_config.go:50.48,63.29 12 0
github.com/Vidkin/metrics/internal/config/server_config.go:63.29,64.66 1 0
github.com/Vidkin/metrics/internal/config/server_config.go:64.66,66.4 1 0
github.com/Vidkin/metrics/internal/config/server_config.go:69.2,70.16 2 0
github.com/Vidkin/metrics/internal/config/server_config.go:70.16,72.3 1 0
github.com/Vidkin/metrics/internal/config/server_config.go:74.2,74.40 1 0
github.com/Vidkin/metrics/internal/config/server_config.go:74.40,76.3 1 0
github.com/Vidkin/metrics/internal/config/server_config.go:78.2,78.12 1 0
github.com/Vidkin/metrics/internal/config/server_config.go:81.63,83.16 2 0
github.com/Vidkin/metrics/internal/config/server_config.go:83.16,85.3 1 0
github.com/Vidkin/metrics/internal/config/server_config.go:87.2,88.63 2 0
github.com/Vidkin/metrics/internal/config/server_config.go:88.63,90.3 1 0
github.com/Vidkin/metrics/internal/config/server_config.go:92.2,92.40 1 0
github.com/Vidkin/metrics/internal/config/server_config.go:92.40,94.3 1 0
github.com/Vidkin/metrics/internal/config/server_config.go:96.2,104.33 8 0
github.com/Vidkin/metrics/internal/config/server_config.go:104.33,106.14 2 0
github.com/Vidkin/metrics/internal/config/server_config.go:107.20,108.26 1 0
github.com/Vidkin/metrics/internal/config/server_config.go:109.20,110.30 1 0
github.com/Vidkin/metrics/internal/config/server_config.go:111.20,112.22 1 0
github.com/Vidkin/metrics/internal/config/server_config.go:113.38,114.26 1 0
github.com/Vidkin/metrics/internal/config/server_config.go:115.20,116.24 1 0
github.com/Vidkin/metrics/internal/config/server_config.go:117.20,118.24 1 0
github.com/Vidkin/metrics/internal/config/server_config.go:122.2,122.18 1 0
github.com/Vidkin/metrics/internal/config/server_config.go:122.18,124.3 1 0
github.com/Vidkin/metrics/internal/config/server_config.go:126.2,126.22 1 0
github.com/Vidkin/metrics/internal/config/server_config.go:126.22,128.3 1 0
github.com/Vidkin/metrics/internal/config/server_config.go:130.2,130.22 1 0
github.com/Vidkin/metrics/internal/config/server_config.go:130.22,132.3 1 0
github.com/Vidkin/metrics/internal/config/server_config.go:134.2,134.26 1 0
github.com/Vidkin/metrics/internal/config/server_config.go:134.26,136.3 1 0
github.com/Vidkin/metrics/internal/config/server_config.go:138.2,138.20 1 0
github.com/Vidkin/metrics/internal/config/server_config.go:138.20,140.3 1 0
github.com/Vidkin/metrics/internal/config/server_config.go:142.2,142.20 1 0
github.com/Vidkin/metrics/internal/config/server_config.go:142.20,144.3 1 0
github.com/Vidkin/metrics/internal/config/server_config.go:146.2,146.12 1 0
github.com/Vidkin/metrics/internal/logger/logger.go:10.40,12.16 2 0
github.com/Vidkin/metrics/internal/logger/logger.go:12.16,14.3 1 0
github.com/Vidkin/metrics/internal/logger/logger.go:16.2,20.16 4 0
github.com/Vidkin/metrics/internal/logger/logger.go:20.16,22.3 1 0
github.com/Vidkin/metrics/internal/logger/logger.go:23.2,26.12 3 0
github.com/Vidkin/metrics/internal/metric/metric.go:23.41,24.24 1 0
github.com/Vidkin/metrics/internal/metric/metric.go:24.24,26.3 1 0
github.com/Vidkin/metrics/internal/metric/metric.go:27.2,27.40 1 0
github.com/Vidkin/metrics/pkg/compress/gzip.go:32.55,37.2 1 1
github.com/Vidkin/metrics/pkg/compress/gzip.go:41.39,43.2 1 1
github.com/Vidkin/metrics/pkg/compress/gzip.go:53.47,56.2 2 1
github.com/Vidkin/metrics/pkg/compress/gzip.go:60.46,62.2 1 1
github.com/Vidkin/metrics/pkg/compress/gzip.go:66.32,68.2 1 1
github.com/Vidkin/metrics/pkg/compress/gzip.go:87.58,89.16 2 1
github.com/Vidkin/metrics/pkg/compress/gzip.go:89.16,92.3 2 0
github.com/Vidkin/metrics/pkg/compress/gzip.go:94.2,97.8 1 1
github.com/Vidkin/metrics/pkg/compress/gzip.go:107.51,109.2 1 1
github.com/Vidkin/metrics/pkg/compress/gzip.go:113.32,114.36 1 1
github.com/Vidkin/metrics/pkg/compress/gzip.go:114.36,116.3 1 0
github.com/Vidkin/metrics/pkg/compress/gzip.go:117.2,117.21 1 1
github.com/Vidkin/metrics/pkg/hash/sha256.go:22.52,27.2 4 0
github.com/Vidkin/metrics/pkg/middleware/gzip.go:25.40,26.71 1 1
github.com/Vidkin/metrics/pkg/middleware/gzip.go:26.71,29.47 3 1
github.com/Vidkin/metrics/pkg/middleware/gzip.go:29.47,32.17 3 1
github.com/Vidkin/metrics/pkg/middleware/gzip.go:32.17,33.38 1 1
github.com/Vidkin/metrics/pkg/middleware/gzip.go:33.38,35.6 1 0
github.com/Vidkin/metrics/pkg/middleware/gzip.go:39.3,40.48 2 1
github.com/Vidkin/metrics/pkg/middleware/gzip.go:40.48,41.17 1 1
github.com/Vidkin/metrics/pkg/middleware/gzip.go:41.17,42.42 1 1
github.com/Vidkin/metrics/pkg/middleware/gzip.go:42.42,44.6 1 0
github.com/Vidkin/metrics/pkg/middleware/gzip.go:47.4,48.18 2 1
github.com/Vidkin/metrics/pkg/middleware/gzip.go:48.18,52.5 3 0
github.com/Vidkin/metrics/pkg/middleware/gzip.go:53.4,54.17 2 1
github.com/Vidkin/metrics/pkg/middleware/gzip.go:54.17,55.38 1 1
github.com/Vidkin/metrics/pkg/middleware/gzip.go:55.38,57.6 1 0
github.com/Vidkin/metrics/pkg/middleware/gzip.go:61.3,61.21 1 1
github.com/Vidkin/metrics/pkg/middleware/hash.go:31.55,32.46 1 0
github.com/Vidkin/metrics/pkg/middleware/hash.go:32.46,33.72 1 0
github.com/Vidkin/metrics/pkg/middleware/hash.go:33.72,35.18 2 0
github.com/Vidkin/metrics/pkg/middleware/hash.go:35.18,39.5 3 0
github.com/Vidkin/metrics/pkg/middleware/hash.go:39.10,41.19 2 0
github.com/Vidkin/metrics/pkg/middleware/hash.go:41.19,45.6 3 0
github.com/Vidkin/metrics/pkg/middleware/hash.go:47.5,50.18 3 0
github.com/Vidkin/metrics/pkg/middleware/hash.go:50.18,51.42 1 0
github.com/Vidkin/metrics/pkg/middleware/hash.go:51.42,53.7 1 0
github.com/Vidkin/metrics/pkg/middleware/hash.go:56.5,57.19 2 0
github.com/Vidkin/metrics/pkg/middleware/hash.go:57.19,61.6 3 0
github.com/Vidkin/metrics/pkg/middleware/hash.go:63.5,64.35 2 0
github.com/Vidkin/metrics/pkg/middleware/hash.go:64.35,68.6 3 0
github.com/Vidkin/metrics/pkg/middleware/hash.go:70.5,71.18 2 0
github.com/Vidkin/metrics/pkg/middleware/hash.go:71.18,72.43 1 0
github.com/Vidkin/metrics/pkg/middleware/hash.go:72.43,74.7 1 0
github.com/Vidkin/metrics/pkg/middleware/hash.go:78.4,82.29 2 0
github.com/Vidkin/metrics/pkg/middleware/logging.go:33.66,37.2 3 1
github.com/Vidkin/metrics/pkg/middleware/logging.go:46.62,49.2 2 1
github.com/Vidkin/metrics/pkg/middleware/logging.go:65.43,66.74 1 1
github.com/Vidkin/metrics/pkg/middleware/logging.go:66.74,91.3 7 1
github.com/Vidkin/metrics/internal/logger/logger.go:10.40,12.16 2 0
github.com/Vidkin/metrics/internal/logger/logger.go:12.16,14.3 1 0
github.com/Vidkin/metrics/internal/logger/logger.go:16.2,20.16 4 0
github.com/Vidkin/metrics/internal/logger/logger.go:20.16,22.3 1 0
github.com/Vidkin/metrics/internal/logger/logger.go:23.2,26.12 3 0
github.com/Vidkin/metrics/internal/metric/metric.go:23.41,24.24 1 0
github.com/Vidkin/metrics/internal/metric/metric.go:24.24,26.3 1 0
github.com/Vidkin/metrics/internal/metric/metric.go:27.2,27.40 1 0
github.com/Vidkin/metrics/internal/repository/storage/file.go:27.80,31.22 3 1
github.com/Vidkin/metrics/internal/repository/storage/file.go:32.23,33.37 1 1
github.com/Vidkin/metrics/internal/repository/storage/file.go:34.25,35.40 1 1
github.com/Vidkin/metrics/internal/repository/storage/file.go:36.10,37.43 1 1
github.com/Vidkin/metrics/internal/repository/storage/file.go:39.2,39.12 1 1
github.com/Vidkin/metrics/internal/repository/storage/file.go:42.84,46.34 3 1
github.com/Vidkin/metrics/internal/repository/storage/file.go:46.34,47.23 1 1
github.com/Vidkin/metrics/internal/repository/storage/file.go:48.24,49.38 1 1
github.com/Vidkin/metrics/internal/repository/storage/file.go:50.26,51.41 1 1
github.com/Vidkin/metrics/internal/repository/storage/file.go:52.11,53.44 1 1
github.com/Vidkin/metrics/internal/repository/storage/file.go:56.2,56.12 1 1
github.com/Vidkin/metrics/internal/repository/storage/file.go:59.88,63.15 3 1
github.com/Vidkin/metrics/internal/repository/storage/file.go:64.23,65.24 1 1
github.com/Vidkin/metrics/internal/repository/storage/file.go:66.25,67.26 1 1
github.com/Vidkin/metrics/internal/repository/storage/file.go:68.10,69.43 1 1
github.com/Vidkin/metrics/internal/repository/storage/file.go:71.2,71.12 1 1
github.com/Vidkin/metrics/internal/repository/storage/file.go:74.99,79.15 4 1
github.com/Vidkin/metrics/internal/repository/storage/file.go:80.23,82.10 2 1
github.com/Vidkin/metrics/internal/repository/storage/file.go:82.10,84.4 1 0
github.com/Vidkin/metrics/internal/repository/storage/file.go:85.3,87.20 3 1
github.com/Vidkin/metrics/internal/repository/storage/file.go:88.25,90.10 2 1
github.com/Vidkin/metrics/internal/repository/storage/file.go:90.10,92.4 1 0
github.com/Vidkin/metrics/internal/repository/storage/file.go:93.3,95.20 3 1
github.com/Vidkin/metrics/internal/repository/storage/file.go:96.10,97.48 1 1
github.com/Vidkin/metrics/internal/repository/storage/file.go:99.2,99.21 1 1
github.com/Vidkin/metrics/internal/repository/storage/file.go:102.77,104.44 2 1
github.com/Vidkin/metrics/internal/repository/storage/file.go:104.44,106.3 1 0
github.com/Vidkin/metrics/internal/repository/storage/file.go:107.2,107.46 1 1
github.com/Vidkin/metrics/internal/repository/storage/file.go:107.46,109.3 1 0
github.com/Vidkin/metrics/internal/repository/storage/file.go:110.2,112.26 3 1
github.com/Vidkin/metrics/internal/repository/storage/file.go:115.74,120.28 4 1
github.com/Vidkin/metrics/internal/repository/storage/file.go:120.28,126.3 1 1
github.com/Vidkin/metrics/internal/repository/storage/file.go:127.2,127.28 1 1
github.com/Vidkin/metrics/internal/repository/storage/file.go:130.76,135.30 4 1
github.com/Vidkin/metrics/internal/repository/storage/file.go:135.30,141.3 1 1
github.com/Vidkin/metrics/internal/repository/storage/file.go:142.2,142.30 1 1
github.com/Vidkin/metrics/internal/repository/storage/file.go:145.53,147.33 2 1
github.com/Vidkin/metrics/internal/repository/storage/file.go:147.33,150.3 2 1
github.com/Vidkin/metrics/internal/repository/storage/file.go:151.2,154.16 3 1
github.com/Vidkin/metrics/internal/repository/storage/file.go:154.16,157.3 2 0
github.com/Vidkin/metrics/internal/repository/storage/file.go:159.2,160.20 2 1
github.com/Vidkin/metrics/internal/repository/storage/file.go:160.20,161.55 1 1
github.com/Vidkin/metrics/internal/repository/storage/file.go:161.55,163.4 1 0
github.com/Vidkin/metrics/internal/repository/storage/file.go:166.2,167.34 2 1
github.com/Vidkin/metrics/internal/repository/storage/file.go:167.34,168.55 1 1
github.com/Vidkin/metrics/internal/repository/storage/file.go:168.55,169.38 1 1
github.com/Vidkin/metrics/internal/repository/storage/file.go:169.38,171.5 1 1
github.com/Vidkin/metrics/internal/repository/storage/file.go:172.4,172.36 1 1
github.com/Vidkin/metrics/internal/repository/storage/file.go:172.36,174.5 1 1
github.com/Vidkin/metrics/internal/repository/storage/file.go:175.4,176.9 2 1
github.com/Vidkin/metrics/internal/repository/storage/file.go:180.2,180.12 1 1
github.com/Vidkin/metrics/internal/repository/storage/file.go:180.12,182.3 1 1
github.com/Vidkin/metrics/internal/repository/storage/file.go:184.2,185.16 2 1
github.com/Vidkin/metrics/internal/repository/storage/file.go:185.16,188.3 2 0
github.com/Vidkin/metrics/internal/repository/storage/file.go:190.2,191.16 2 1
github.com/Vidkin/metrics/internal/repository/storage/file.go:191.16,194.3 2 0
github.com/Vidkin/metrics/internal/repository/storage/file.go:195.2,195.12 1 1
github.com/Vidkin/metrics/internal/repository/storage/file.go:198.40,200.16 2 1
github.com/Vidkin/metrics/internal/repository/storage/file.go:200.16,203.3 2 1
github.com/Vidkin/metrics/internal/repository/storage/file.go:204.2,207.16 3 1
github.com/Vidkin/metrics/internal/repository/storage/file.go:207.16,210.3 2 0
github.com/Vidkin/metrics/internal/repository/storage/file.go:211.2,212.16 2 1
github.com/Vidkin/metrics/internal/repository/storage/file.go:212.16,215.3 2 0
github.com/Vidkin/metrics/internal/repository/storage/file.go:216.2,219.16 3 1
github.com/Vidkin/metrics/internal/repository/storage/file.go:219.16,222.3 2 0
github.com/Vidkin/metrics/internal/repository/storage/file.go:223.2,224.16 2 1
github.com/Vidkin/metrics/internal/repository/storage/file.go:224.16,227.3 2 0
github.com/Vidkin/metrics/internal/repository/storage/file.go:228.2,228.12 1 1
github.com/Vidkin/metrics/internal/repository/storage/file.go:231.55,233.16 2 1
github.com/Vidkin/metrics/internal/repository/storage/file.go:233.16,234.20 1 0
github.com/Vidkin/metrics/internal/repository/storage/file.go:234.20,236.4 1 0
github.com/Vidkin/metrics/internal/repository/storage/file.go:237.3,238.13 2 0
github.com/Vidkin/metrics/internal/repository/storage/file.go:240.2,243.16 3 1
github.com/Vidkin/metrics/internal/repository/storage/file.go:243.16,246.3 2 0
github.com/Vidkin/metrics/internal/repository/storage/file.go:247.2,248.55 2 1
github.com/Vidkin/metrics/internal/repository/storage/file.go:248.55,250.3 1 0
github.com/Vidkin/metrics/internal/repository/storage/file.go:252.2,252.33 1 1
github.com/Vidkin/metrics/internal/repository/storage/file.go:252.33,253.54 1 0
github.com/Vidkin/metrics/internal/repository/storage/file.go:253.54,255.4 1 0
github.com/Vidkin/metrics/internal/repository/storage/file.go:257.2,257.12 1 1
github.com/Vidkin/metrics/internal/repository/storage/memory.go:25.82,29.22 3 1
github.com/Vidkin/metrics/internal/repository/storage/memory.go:30.23,31.37 1 1
github.com/Vidkin/metrics/internal/repository/storage/memory.go:32.25,33.40 1 1
github.com/Vidkin/metrics/internal/repository/storage/memory.go:34.10,35.43 1 1
github.com/Vidkin/metrics/internal/repository/storage/memory.go:37.2,37.12 1 1
github.com/Vidkin/metrics/internal/repository/storage/memory.go:40.86,44.34 3 1
github.com/Vidkin/metrics/internal/repository/storage/memory.go:44.34,45.23 1 1
github.com/Vidkin/metrics/internal/repository/storage/memory.go:46.24,47.38 1 1
github.com/Vidkin/metrics/internal/repository/storage/memory.go:48.26,49.41 1 1
github.com/Vidkin/metrics/internal/repository/storage/memory.go:50.11,51.44 1 1
github.com/Vidkin/metrics/internal/repository/storage/memory.go:54.2,54.12 1 1
github.com/Vidkin/metrics/internal/repository/storage/memory.go:57.90,61.15 3 1
github.com/Vidkin/metrics/internal/repository/storage/memory.go:62.23,63.24 1 1
github.com/Vidkin/metrics/internal/repository/storage/memory.go:64.25,65.26 1 1
github.com/Vidkin/metrics/internal/repository/storage/memory.go:66.10,67.43 1 1
github.com/Vidkin/metrics/internal/repository/storage/memory.go:69.2,69.12 1 1
github.com/Vidkin/metrics/internal/repository/storage/memory.go:72.101,77.15 4 1
github.com/Vidkin/metrics/internal/repository/storage/memory.go:78.23,80.10 2 1
github.com/Vidkin/metrics/internal/repository/storage/memory.go:80.10,82.4 1 0
github.com/Vidkin/metrics/internal/repository/storage/memory.go:83.3,85.20 3 1
github.com/Vidkin/metrics/internal/repository/storage/memory.go:86.25,88.10 2 1
github.com/Vidkin/metrics/internal/repository/storage/memory.go:88.10,90.4 1 0
github.com/Vidkin/metrics/internal/repository/storage/memory.go:91.3,93.20 3 1
github.com/Vidkin/metrics/internal/repository/storage/memory.go:94.10,95.48 1 1
github.com/Vidkin/metrics/internal/repository/storage/memory.go:97.2,97.21 1 1
github.com/Vidkin/metrics/internal/repository/storage/memory.go:100.79,102.44 2 1
github.com/Vidkin/metrics/internal/repository/storage/memory.go:102.44,104.3 1 0
github.com/Vidkin/metrics/internal/repository/storage/memory.go:105.2,105.46 1 1
github.com/Vidkin/metrics/internal/repository/storage/memory.go:105.46,107.3 1 0
github.com/Vidkin/metrics/internal/repository/storage/memory.go:108.2,110.26 3 1
github.com/Vidkin/metrics/internal/repository/storage/memory.go:113.76,118.28 4 1
github.com/Vidkin/metrics/internal/repository/storage/memory.go:118.28,124.3 1 1
github.com/Vidkin/metrics/internal/repository/storage/memory.go:125.2,125.28 1 1
github.com/Vidkin/metrics/internal/repository/storage/memory.go:128.78,133.30 4 1
github.com/Vidkin/metrics/internal/repository/storage/memory.go:133.30,139.3 1 1
github.com/Vidkin/metrics/internal/repository/storage/memory.go:140.2,140.30 1 1
github.com/Vidkin/metrics/internal/repository/storage/postgres.go:27.86,28.22 1 1
github.com/Vidkin/metrics/internal/repository/storage/postgres.go:29.23,31.36 2 1
github.com/Vidkin/metrics/internal/repository/storage/postgres.go:31.36,34.4 2 1
github.com/Vidkin/metrics/internal/repository/storage/postgres.go:35.3,35.17 1 1
github.com/Vidkin/metrics/internal/repository/storage/postgres.go:35.17,38.4 2 0
github.com/Vidkin/metrics/internal/repository/storage/postgres.go:39.3,40.13 2 1
github.com/Vidkin/metrics/internal/repository/storage/postgres.go:41.25,43.36 2 1
github.com/Vidkin/metrics/internal/repository/storage/postgres.go:43.36,46.4 2 1
github.com/Vidkin/metrics/internal/repository/storage/postgres.go:47.3,47.17 1 1
github.com/Vidkin/metrics/internal/repository/storage/postgres.go:47.17,50.4 2 0
github.com/Vidkin/metrics/internal/repository/storage/postgres.go:51.3,52.13 2 1
github.com/Vidkin/metrics/internal/repository/storage/postgres.go:53.10,54.43 1 1
github.com/Vidkin/metrics/internal/repository/storage/postgres.go:58.90,60.16 2 1
github.com/Vidkin/metrics/internal/repository/storage/postgres.go:60.16,63.3 2 0
github.com/Vidkin/metrics/internal/repository/storage/postgres.go:64.2,65.34 2 1
github.com/Vidkin/metrics/internal/repository/storage/postgres.go:65.34,66.23 1 1
github.com/Vidkin/metrics/internal/repository/storage/postgres.go:67.24,71.18 4 1
github.com/Vidkin/metrics/internal/repository/storage/postgres.go:71.18,72.38 1 1
github.com/Vidkin/metrics/internal/repository/storage/postgres.go:72.38,74.20 2 1
github.com/Vidkin/metrics/internal/repository/storage/postgres.go:74.20,77.7 2 0
github.com/Vidkin/metrics/internal/repository/storage/postgres.go:78.11,81.6 2 0
github.com/Vidkin/metrics/internal/repository/storage/postgres.go:83.4,84.18 2 1
github.com/Vidkin/metrics/internal/repository/storage/postgres.go:84.18,87.5 2 0
github.com/Vidkin/metrics/internal/repository/storage/postgres.go:88.26,92.18 4 1
github.com/Vidkin/metrics/internal/repository/storage/postgres.go:92.18,93.38 1 1
github.com/Vidkin/metrics/internal/repository/storage/postgres.go:93.38,95.20 2 1
github.com/Vidkin/metrics/internal/repository/storage/postgres.go:95.20,98.7 2 0
github.com/Vidkin/metrics/internal/repository/storage/postgres.go:99.11,102.6 2 0
github.com/Vidkin/metrics/internal/repository/storage/postgres.go:104.4,105.18 2 1
github.com/Vidkin/metrics/internal/repository/storage/postgres.go:105.18,108.5 2 0
github.com/Vidkin/metrics/internal/repository/storage/postgres.go:109.11,111.44 2 1
github.com/Vidkin/metrics/internal/repository/storage/postgres.go:114.2,114.20 1 1
github.com/Vidkin/metrics/internal/repository/storage/postgres.go:117.94,118.15 1 1
github.com/Vidkin/metrics/internal/repository/storage/postgres.go:119.23,121.17 2 1
github.com/Vidkin/metrics/internal/repository/storage/postgres.go:121.17,124.4 2 0
github.com/Vidkin/metrics/internal/repository/storage/postgres.go:125.3,127.17 3 1
github.com/Vidkin/metrics/internal/repository/storage/postgres.go:127.17,129.4 1 0
github.com/Vidkin/metrics/internal/repository/storage/postgres.go:130.3,130.13 1 1
github.com/Vidkin/metrics/internal/repository/storage/postgres.go:131.25,133.17 2 1
github.com/Vidkin/metrics/internal/repository/storage/postgres.go:133.17,136.4 2 0
github.com/Vidkin/metrics/internal/repository/storage/postgres.go:137.3,139.17 3 1
github.com/Vidkin/metrics/internal/repository/storage/postgres.go:139.17,141.4 1 0
github.com/Vidkin/metrics/internal/repository/storage/postgres.go:142.3,142.13 1 1
github.com/Vidkin/metrics/internal/repository/storage/postgres.go:143.10,145.43 2 1
github.com/Vidkin/metrics/internal/repository/storage/postgres.go:149.105,150.15 1 1
github.com/Vidkin/metrics/internal/repository/storage/postgres.go:151.23,153.17 2 1
github.com/Vidkin/metrics/internal/repository/storage/postgres.go:153.17,156.4 2 0
github.com/Vidkin/metrics/internal/repository/storage/postgres.go:157.3,161.17 5 1
github.com/Vidkin/metrics/internal/repository/storage/postgres.go:161.17,164.4 2 1
github.com/Vidkin/metrics/internal/repository/storage/postgres.go:165.3,166.17 2 1
github.com/Vidkin/metrics/internal/repository/storage/postgres.go:167.25,169.17 2 1
github.com/Vidkin/metrics/internal/repository/storage/postgres.go:169.17,172.4 2 0
github.com/Vidkin/metrics/internal/repository/storage/postgres.go:173.3,177.17 5 1
github.com/Vidkin/metrics/internal/repository/storage/postgres.go:177.17,180.4 2 1
github.com/Vidkin/metrics/internal/repository/storage/postgres.go:181.3,182.17 2 1
github.com/Vidkin/metrics/internal/repository/storage/postgres.go:183.10,185.48 2 1
github.com/Vidkin/metrics/internal/repository/storage/postgres.go:189.81,191.44 2 1
github.com/Vidkin/metrics/internal/repository/storage/postgres.go:191.44,194.3 2 0
github.com/Vidkin/metrics/internal/repository/storage/postgres.go:195.2,195.46 1 1
github.com/Vidkin/metrics/internal/repository/storage/postgres.go:195.46,198.3 2 0
github.com/Vidkin/metrics/internal/repository/storage/postgres.go:199.2,201.26 3 1
github.com/Vidkin/metrics/internal/repository/storage/postgres.go:204.80,207.16 3 1
github.com/Vidkin/metrics/internal/repository/storage/postgres.go:207.16,210.3 2 0
github.com/Vidkin/metrics/internal/repository/storage/postgres.go:211.2,213.16 3 1
github.com/Vidkin/metrics/internal/repository/storage/postgres.go:213.16,216.3 2 0
github.com/Vidkin/metrics/internal/repository/storage/postgres.go:217.2,219.18 2 1
github.com/Vidkin/metrics/internal/repository/storage/postgres.go:219.18,221.51 2 1
github.com/Vidkin/metrics/internal/repository/storage/postgres.go:221.51,224.4 2 0
github.com/Vidkin/metrics/internal/repository/storage/postgres.go:225.3,226.46 2 1
github.com/Vidkin/metrics/internal/repository/storage/postgres.go:228.2,228.23 1 1
github.com/Vidkin/metrics/internal/repository/storage/postgres.go:228.23,231.3 2 0
github.com/Vidkin/metrics/internal/repository/storage/postgres.go:232.2,232.28 1 1
github.com/Vidkin/metrics/internal/repository/storage/postgres.go:235.82,238.16 3 1
github.com/Vidkin/metrics/internal/repository/storage/postgres.go:238.16,241.3 2 0
github.com/Vidkin/metrics/internal/repository/storage/postgres.go:242.2,244.16 3 1
github.com/Vidkin/metrics/internal/repository/storage/postgres.go:244.16,247.3 2 0
github.com/Vidkin/metrics/internal/repository/storage/postgres.go:248.2,250.18 2 1
github.com/Vidkin/metrics/internal/repository/storage/postgres.go:250.18,252.51 2 1
github.com/Vidkin/metrics/internal/repository/storage/postgres.go:252.51,255.4 2 0
github.com/Vidkin/metrics/internal/repository/storage/postgres.go:256.3,257.50 2 1
github.com/Vidkin/metrics/internal/repository/storage/postgres.go:259.2,259.23 1 1
github.com/Vidkin/metrics/internal/repository/storage/postgres.go:259.23,262.3 2 0
github.com/Vidkin/metrics/internal/repository/storage/postgres.go:263.2,263.30 1 1
github.com/Vidkin/metrics/internal/repository/storage/postgres.go:266.59,268.2 1 1
github.com/Vidkin/metrics/internal/repository/storage/postgres.go:270.41,272.2 1 1
github.com/Vidkin/metrics/pkg/exitcheck/exit.go:29.52,30.31 1 1
github.com/Vidkin/metrics/pkg/exitcheck/exit.go:30.31,31.28 1 1
github.com/Vidkin/metrics/pkg/exitcheck/exit.go:31.28,32.41 1 1
github.com/Vidkin/metrics/pkg/exitcheck/exit.go:32.41,33.26 1 1
github.com/Vidkin/metrics/pkg/exitcheck/exit.go:34.24,35.31 1 1
github.com/Vidkin/metrics/pkg/exitcheck/exit.go:35.31,36.37 1 1
github.com/Vidkin/metrics/pkg/exitcheck/exit.go:36.37,37.43 1 1
github.com/Vidkin/metrics/pkg/exitcheck/exit.go:37.43,38.49 1 1
github.com/Vidkin/metrics/pkg/exitcheck/exit.go:38.49,39.56 1 1
github.com/Vidkin/metrics/pkg/exitcheck/exit.go:39.56,40.46 1 1
github.com/Vidkin/metrics/pkg/exitcheck/exit.go:40.46,41.56 1 1
github.com/Vidkin/metrics/pkg/exitcheck/exit.go:41.56,43.13 1 1
github.com/Vidkin/metrics/pkg/exitcheck/exit.go:52.5,52.16 1 1
github.com/Vidkin/metrics/pkg/exitcheck/exit.go:56.2,56.17 1 1
github.com/Vidkin/metrics/internal/config/agent_config.go:50.45,55.16 5 0
github.com/Vidkin/metrics/internal/config/agent_config.go:55.16,57.3 1 0
github.com/Vidkin/metrics/internal/config/agent_config.go:58.2,58.21 1 0
github.com/Vidkin/metrics/internal/config/agent_config.go:61.47,72.29 10 0
github.com/Vidkin/metrics/internal/config/agent_config.go:72.29,73.66 1 0
github.com/Vidkin/metrics/internal/config/agent_config.go:73.66,75.4 1 0
github.com/Vidkin/metrics/internal/config/agent_config.go:78.2,79.16 2 0
github.com/Vidkin/metrics/internal/config/agent_config.go:79.16,81.3 1 0
github.com/Vidkin/metrics/internal/config/agent_config.go:83.2,83.40 1 0
github.com/Vidkin/metrics/internal/config/agent_config.go:83.40,85.3 1 0
github.com/Vidkin/metrics/internal/config/agent_config.go:87.2,87.12 1 0
github.com/Vidkin/metrics/internal/config/agent_config.go:90.62,92.16 2 0
github.com/Vidkin/metrics/internal/config/agent_config.go:92.16,94.3 1 0
github.com/Vidkin/metrics/internal/config/agent_config.go:96.2,97.62 2 0
github.com/Vidkin/metrics/internal/config/agent_config.go:97.62,99.3 1 0
github.com/Vidkin/metrics/internal/config/agent_config.go:101.2,101.40 1 0
github.com/Vidkin/metrics/internal/config/agent_config.go:101.40,103.3 1 0
github.com/Vidkin/metrics/internal/config/agent_config.go:105.2,112.33 7 0
github.com/Vidkin/metrics/internal/config/agent_config.go:112.33,114.14 2 0
github.com/Vidkin/metrics/internal/config/agent_config.go:115.20,116.29 1 0
github.com/Vidkin/metrics/internal/config/agent_config.go:117.38,118.26 1 0
github.com/Vidkin/metrics/internal/config/agent_config.go:119.20,120.31 1 0
github.com/Vidkin/metrics/internal/config/agent_config.go:121.20,122.26 1 0
github.com/Vidkin/metrics/internal/config/agent_config.go:123.20,124.24 1 0
github.com/Vidkin/metrics/internal/config/agent_config.go:128.2,128.22 1 0
github.com/Vidkin/metrics/internal/config/agent_config.go:128.22,130.3 1 0
github.com/Vidkin/metrics/internal/config/agent_config.go:132.2,132.27 1 0
github.com/Vidkin/metrics/internal/config/agent_config.go:132.27,134.3 1 0
github.com/Vidkin/metrics/internal/config/agent_config.go:136.2,136.25 1 0
github.com/Vidkin/metrics/internal/config/agent_config.go:136.25,138.3 1 0
github.com/Vidkin/metrics/internal/config/agent_config.go:140.2,140.22 1 0
github.com/Vidkin/metrics/internal/config/agent_config.go:140.22,142.3 1 0
github.com/Vidkin/metrics/internal/config/agent_config.go:144.2,144.20 1 0
github.com/Vidkin/metrics/internal/config/agent_config.go:144.20,146.3 1 0
github.com/Vidkin/metrics/internal/config/agent_config.go:148.2,148.12 1 0
github.com/Vidkin/metrics/internal/config/interval.go:12.53,15.59 2 0
github.com/Vidkin/metrics/internal/config/interval.go:15.59,17.3 1 0
github.com/Vidkin/metrics/internal/config/interval.go:19.2,19.41 1 0
github.com/Vidkin/metrics/internal/config/interval.go:19.41,21.17 2 0
github.com/Vidkin/metrics/internal/config/interval.go:21.17,23.4 1 0
github.com/Vidkin/metrics/internal/config/interval.go:24.3,24.25 1 0
github.com/Vidkin/metrics/internal/config/interval.go:25.8,27.3 1 0
github.com/Vidkin/metrics/internal/config/interval.go:28.2,28.12 1 0
github.com/Vidkin/metrics/internal/config/server_address.go:35.40,40.2 1 0
github.com/Vidkin/metrics/internal/config/server_address.go:46.41,48.2 1 0
github.com/Vidkin/metrics/internal/config/server_address.go:58.55,61.31 2 0
github.com/Vidkin/metrics/internal/config/server_address.go:61.31,63.3 1 0
github.com/Vidkin/metrics/internal/config/server_address.go:65.2,67.16 2 0
github.com/Vidkin/metrics/internal/config/server_address.go:67.16,69.3 1 0
github.com/Vidkin/metrics/internal/config/server_address.go:71.2,74.12 3 0
github.com/Vidkin/metrics/internal/config/server_address.go:85.58,88.16 3 0
github.com/Vidkin/metrics/internal/config/server_address.go:88.16,90.3 1 0
github.com/Vidkin/metrics/internal/config/server_address.go:91.2,93.16 3 0
github.com/Vidkin/metrics/internal/config/server_address.go:93.16,95.3 1 0
github.com/Vidkin/metrics/internal/config/server_address.go:96.2,97.12 2 0
github.com/Vidkin/metrics/internal/config/server_config.go:39.47,44.16 5 0
github.com/Vidkin/metrics/internal/config/server_config.go:44.16,46.3 1 0
github.com/Vidkin/metrics/internal/config/server_config.go:47.2,47.21 1 0
github.com/Vidkin/metrics/internal/config/server_config.go:50.48,63.29 12 0
github.com/Vidkin/metrics/internal/config/server_config.go:63.29,64.66 1 0
github.com/Vidkin/metrics/internal/config/server_config.go:64.66,66.4 1 0
github.com/Vidkin/metrics/internal/config/server_config.go:69.2,70.16 2 0
github.com/Vidkin/metrics/internal/config/server_config.go:70.16,72.3 1 0
github.com/Vidkin/metrics/internal/config/server_config.go:74.2,74.40 1 0
github.com/Vidkin/metrics/internal/config/server_config.go:74.40,76.3 1 0
github.com/Vidkin/metrics/internal/config/server_config.go:78.2,78.12 1 0
github.com/Vidkin/metrics/internal/config/server_config.go:81.63,83.16 2 0
github.com/Vidkin/metrics/internal/config/server_config.go:83.16,85.3 1 0
github.com/Vidkin/metrics/internal/config/server_config.go:87.2,88.63 2 0
github.com/Vidkin/metrics/internal/config/server_config.go:88.63,90.3 1 0
github.com/Vidkin/metrics/internal/config/server_config.go:92.2,92.40 1 0
github.com/Vidkin/metrics/internal/config/server_config.go:92.40,94.3 1 0
github.com/Vidkin/metrics/internal/config/server_config.go:96.2,104.33 8 0
github.com/Vidkin/metrics/internal/config/server_config.go:104.33,106.14 2 0
github.com/Vidkin/metrics/internal/config/server_config.go:107.20,108.26 1 0
github.com/Vidkin/metrics/internal/config/server_config.go:109.20,110.30 1 0
github.com/Vidkin/metrics/internal/config/server_config.go:111.20,112.22 1 0
github.com/Vidkin/metrics/internal/config/server_config.go:113.38,114.26 1 0
github.com/Vidkin/metrics/internal/config/server_config.go:115.20,116.24 1 0
github.com/Vidkin/metrics/internal/config/server_config.go:117.20,118.24 1 0
github.com/Vidkin/metrics/internal/config/server_config.go:122.2,122.18 1 0
github.com/Vidkin/metrics/internal/config/server_config.go:122.18,124.3 1 0
github.com/Vidkin/metrics/internal/config/server_config.go:126.2,126.22 1 0
github.com/Vidkin/metrics/internal/config/server_config.go:126.22,128.3 1 0
github.com/Vidkin/metrics/internal/config/server_config.go:130.2,130.22 1 0
github.com/Vidkin/metrics/internal/config/server_config.go:130.22,132.3 1 0
github.com/Vidkin/metrics/internal/config/server_config.go:134.2,134.26 1 0
github.com/Vidkin/metrics/internal/config/server_config.go:134.26,136.3 1 0
github.com/Vidkin/metrics/internal/config/server_config.go:138.2,138.20 1 0
github.com/Vidkin/metrics/internal/config/server_config.go:138.20,140.3 1 0
github.com/Vidkin/metrics/internal/config/server_config.go:142.2,142.20 1 0
github.com/Vidkin/metrics/internal/config/server_config.go:142.20,144.3 1 0
github.com/Vidkin/metrics/internal/config/server_config.go:146.2,146.12 1 0
github.com/Vidkin/metrics/internal/logger/logger.go:10.40,12.16 2 0
github.com/Vidkin/metrics/internal/logger/logger.go:12.16,14.3 1 0
github.com/Vidkin/metrics/internal/logger/logger.go:16.2,20.16 4 0
github.com/Vidkin/metrics/internal/logger/logger.go:20.16,22.3 1 0
github.com/Vidkin/metrics/internal/logger/logger.go:23.2,26.12 3 0
github.com/Vidkin/metrics/internal/metric/metric.go:23.41,24.24 1 1
github.com/Vidkin/metrics/internal/metric/metric.go:24.24,26.3 1 1
github.com/Vidkin/metrics/internal/metric/metric.go:27.2,27.40 1 1
github.com/Vidkin/metrics/internal/repository/mock/mock_repository.go:28.65,32.2 3 1
github.com/Vidkin/metrics/internal/repository/mock/mock_repository.go:35.63,37.2 1 1
github.com/Vidkin/metrics/internal/repository/mock/mock_repository.go:40.86,46.2 1 0
github.com/Vidkin/metrics/internal/repository/mock/mock_repository.go:49.95,53.2 1 0
github.com/Vidkin/metrics/internal/repository/mock/mock_repository.go:56.86,63.2 1 0
github.com/Vidkin/metrics/internal/repository/mock/mock_repository.go:66.82,70.2 1 0
github.com/Vidkin/metrics/internal/repository/mock/mock_repository.go:73.84,80.2 1 0
github.com/Vidkin/metrics/internal/repository/mock/mock_repository.go:83.80,87.2 1 0
github.com/Vidkin/metrics/internal/repository/mock/mock_repository.go:90.101,96.2 5 1
github.com/Vidkin/metrics/internal/repository/mock/mock_repository.go:99.92,102.2 2 1
github.com/Vidkin/metrics/internal/repository/mock/mock_repository.go:105.85,111.2 5 1
github.com/Vidkin/metrics/internal/repository/mock/mock_repository.go:114.81,117.2 2 1
github.com/Vidkin/metrics/internal/repository/mock/mock_repository.go:120.88,125.2 4 1
github.com/Vidkin/metrics/internal/repository/mock/mock_repository.go:128.89,131.2 2 1
github.com/Vidkin/metrics/internal/repository/mock/mock_repository.go:134.91,139.2 4 1
github.com/Vidkin/metrics/internal/repository/mock/mock_repository.go:142.90,145.2 2 1
github.com/Vidkin/metrics/internal/repository/mock/mock_repository.go:148.58,153.2 4 1
github.com/Vidkin/metrics/internal/repository/mock/mock_repository.go:156.75,159.2 2 1
github.com/Vidkin/metrics/internal/repository/mock/mock_repository.go:162.43,168.2 1 0
github.com/Vidkin/metrics/internal/repository/mock/mock_repository.go:171.63,175.2 1 0
github.com/Vidkin/metrics/internal/repository/mock/mock_repository.go:178.59,183.2 4 1
github.com/Vidkin/metrics/internal/repository/mock/mock_repository.go:186.75,189.2 2 1
github.com/Vidkin/metrics/internal/router/metric_router.go:121.52,122.41 1 1
github.com/Vidkin/metrics/internal/router/metric_router.go:122.41,124.3 1 1
github.com/Vidkin/metrics/internal/router/metric_router.go:125.2,125.68 1 0
github.com/Vidkin/metrics/internal/router/metric_router.go:143.55,144.34 1 1
github.com/Vidkin/metrics/internal/router/metric_router.go:144.34,146.3 1 1
github.com/Vidkin/metrics/internal/router/metric_router.go:147.2,147.68 1 0
github.com/Vidkin/metrics/internal/router/metric_router.go:164.32,165.37 1 0
github.com/Vidkin/metrics/internal/router/metric_router.go:165.37,167.3 1 0
github.com/Vidkin/metrics/internal/router/metric_router.go:168.2,168.68 1 0
github.com/Vidkin/metrics/internal/router/metric_router.go:189.111,192.28 3 1
github.com/Vidkin/metrics/internal/router/metric_router.go:192.28,194.3 1 1
github.com/Vidkin/metrics/internal/router/metric_router.go:195.2,197.39 2 1
github.com/Vidkin/metrics/internal/router/metric_router.go:197.39,199.39 2 1
github.com/Vidkin/metrics/internal/router/metric_router.go:199.39,201.4 1 1
github.com/Vidkin/metrics/internal/router/metric_router.go:202.3,202.40 1 1
github.com/Vidkin/metrics/internal/router/metric_router.go:202.40,205.4 2 1
github.com/Vidkin/metrics/internal/router/metric_router.go:206.3,206.41 1 1
github.com/Vidkin/metrics/internal/router/metric_router.go:206.41,209.4 2 1
github.com/Vidkin/metrics/internal/router/metric_router.go:210.3,210.42 1 1
github.com/Vidkin/metrics/internal/router/metric_router.go:210.42,212.4 1 1
github.com/Vidkin/metrics/internal/router/metric_router.go:214.2,219.12 6 1
github.com/Vidkin/metrics/internal/router/metric_router.go:230.81,238.38 3 1
github.com/Vidkin/metrics/internal/router/metric_router.go:238.38,240.17 2 1
github.com/Vidkin/metrics/internal/router/metric_router.go:240.17,242.30 2 1
github.com/Vidkin/metrics/internal/router/metric_router.go:242.30,243.74 1 1
github.com/Vidkin/metrics/internal/router/metric_router.go:243.74,246.14 3 1
github.com/Vidkin/metrics/internal/router/metric_router.go:249.4,251.10 3 1
github.com/Vidkin/metrics/internal/router/metric_router.go:253.3,253.8 1 1
github.com/Vidkin/metrics/internal/router/metric_router.go:256.2,256.29 1 1
github.com/Vidkin/metrics/internal/router/metric_router.go:256.29,257.34 1 1
github.com/Vidkin/metrics/internal/router/metric_router.go:257.34,259.4 1 1
github.com/Vidkin/metrics/internal/router/metric_router.go:260.3,260.36 1 1
github.com/Vidkin/metrics/internal/router/metric_router.go:260.36,262.4 1 1
github.com/Vidkin/metrics/internal/router/metric_router.go:265.2,265.32 1 1
github.com/Vidkin/metrics/internal/router/metric_router.go:275.83,277.59 2 1
github.com/Vidkin/metrics/internal/router/metric_router.go:277.59,281.3 3 1
github.com/Vidkin/metrics/internal/router/metric_router.go:282.2,282.32 1 1
github.com/Vidkin/metrics/internal/router/metric_router.go:292.91,296.70 3 1
github.com/Vidkin/metrics/internal/router/metric_router.go:296.70,299.3 2 1
github.com/Vidkin/metrics/internal/router/metric_router.go:301.2,306.38 2 1
github.com/Vidkin/metrics/internal/router/metric_router.go:306.38,308.17 2 1
github.com/Vidkin/metrics/internal/router/metric_router.go:308.17,310.30 2 1
github.com/Vidkin/metrics/internal/router/metric_router.go:310.30,311.74 1 1
github.com/Vidkin/metrics/internal/router/metric_router.go:311.74,314.14 3 1
github.com/Vidkin/metrics/internal/router/metric_router.go:317.4,319.10 3 1
github.com/Vidkin/metrics/internal/router/metric_router.go:321.3,321.8 1 1
github.com/Vidkin/metrics/internal/router/metric_router.go:324.2,326.16 3 1
github.com/Vidkin/metrics/internal/router/metric_router.go:326.16,329.3 2 0
github.com/Vidkin/metrics/internal/router/metric_router.go:330.2,330.32 1 1
github.com/Vidkin/metrics/internal/router/metric_router.go:343.65,344.27 1 1
github.com/Vidkin/metrics/internal/router/metric_router.go:344.27,345.39 1 1
github.com/Vidkin/metrics/internal/router/metric_router.go:345.39,347.18 2 1
github.com/Vidkin/metrics/internal/router/metric_router.go:347.18,349.55 2 1
github.com/Vidkin/metrics/internal/router/metric_router.go:349.55,352.14 3 1
github.com/Vidkin/metrics/internal/router/metric_router.go:354.5,355.45 2 1
github.com/Vidkin/metrics/internal/router/metric_router.go:357.4,357.9 1 1
github.com/Vidkin/metrics/internal/router/metric_router.go:360.2,360.12 1 1
github.com/Vidkin/metrics/internal/router/metric_router.go:370.89,375.22 4 1
github.com/Vidkin/metrics/internal/router/metric_router.go:375.22,377.3 1 0
github.com/Vidkin/metrics/internal/router/metric_router.go:379.2,379.70 1 1
github.com/Vidkin/metrics/internal/router/metric_router.go:379.70,382.3 2 1
github.com/Vidkin/metrics/internal/router/metric_router.go:384.2,395.35 3 1
github.com/Vidkin/metrics/internal/router/metric_router.go:395.35,398.3 2 1
github.com/Vidkin/metrics/internal/router/metric_router.go:400.2,400.37 1 1
github.com/Vidkin/metrics/internal/router/metric_router.go:400.37,403.3 2 1
github.com/Vidkin/metrics/internal/router/metric_router.go:405.2,405.16 1 1
github.com/Vidkin/metrics/internal/router/metric_router.go:405.16,409.3 3 1
github.com/Vidkin/metrics/internal/router/metric_router.go:411.2,411.38 1 1
github.com/Vidkin/metrics/internal/router/metric_router.go:411.38,413.17 2 1
github.com/Vidkin/metrics/internal/router/metric_router.go:413.17,415.30 2 1
github.com/Vidkin/metrics/internal/router/metric_router.go:415.30,416.74 1 1
github.com/Vidkin/metrics/internal/router/metric_router.go:416.74,419.14 3 1
github.com/Vidkin/metrics/internal/router/metric_router.go:422.4,424.10 3 1
github.com/Vidkin/metrics/internal/router/metric_router.go:426.3,426.8 1 1
github.com/Vidkin/metrics/internal/router/metric_router.go:429.2,429.43 1 1
github.com/Vidkin/metrics/internal/router/metric_router.go:429.43,432.3 2 1
github.com/Vidkin/metrics/internal/router/metric_router.go:433.2,434.32 2 1
github.com/Vidkin/metrics/internal/router/metric_router.go:442.93,443.58 1 1
github.com/Vidkin/metrics/internal/router/metric_router.go:443.58,446.3 2 1
github.com/Vidkin/metrics/internal/router/metric_router.go:448.2,449.62 2 1
github.com/Vidkin/metrics/internal/router/metric_router.go:449.62,452.3 2 1
github.com/Vidkin/metrics/internal/router/metric_router.go:454.2,454.18 1 1
github.com/Vidkin/metrics/internal/router/metric_router.go:455.23,456.22 1 1
github.com/Vidkin/metrics/internal/router/metric_router.go:456.22,459.4 2 1
github.com/Vidkin/metrics/internal/router/metric_router.go:460.25,461.22 1 1
github.com/Vidkin/metrics/internal/router/metric_router.go:461.22,464.4 2 1
github.com/Vidkin/metrics/internal/router/metric_router.go:465.10,467.9 2 1
github.com/Vidkin/metrics/internal/router/metric_router.go:470.2,470.38 1 1
github.com/Vidkin/metrics/internal/router/metric_router.go:470.38,472.17 2 1
github.com/Vidkin/metrics/internal/router/metric_router.go:472.17,474.30 2 1
github.com/Vidkin/metrics/internal/router/metric_router.go:474.30,475.74 1 1
github.com/Vidkin/metrics/internal/router/metric_router.go:475.74,478.14 3 1
github.com/Vidkin/metrics/internal/router/metric_router.go:481.4,483.10 3 1
github.com/Vidkin/metrics/internal/router/metric_router.go:485.3,485.8 1 1
github.com/Vidkin/metrics/internal/router/metric_router.go:488.2,488.43 1 1
github.com/Vidkin/metrics/internal/router/metric_router.go:488.43,491.3 2 1
github.com/Vidkin/metrics/internal/router/metric_router.go:492.2,496.38 2 1
github.com/Vidkin/metrics/internal/router/metric_router.go:496.38,498.17 2 1
github.com/Vidkin/metrics/internal/router/metric_router.go:498.17,500.30 2 1
github.com/Vidkin/metrics/internal/router/metric_router.go:500.30,501.74 1 1
github.com/Vidkin/metrics/internal/router/metric_router.go:501.74,504.14 3 1
github.com/Vidkin/metrics/internal/router/metric_router.go:507.4,509.10 3 1
github.com/Vidkin/metrics/internal/router/metric_router.go:511.3,511.8 1 1
github.com/Vidkin/metrics/internal/router/metric_router.go:514.2,516.16 3 1
github.com/Vidkin/metrics/internal/router/metric_router.go:516.16,520.3 3 0
github.com/Vidkin/metrics/internal/router/metric_router.go:521.2,522.16 2 1
github.com/Vidkin/metrics/internal/router/metric_router.go:522.16,526.3 3 0
github.com/Vidkin/metrics/internal/router/metric_router.go:527.2,527.32 1 1
github.com/Vidkin/metrics/internal/router/metric_router.go:535.95,536.58 1 1
github.com/Vidkin/metrics/internal/router/metric_router.go:536.58,539.3 2 1
github.com/Vidkin/metrics/internal/router/metric_router.go:541.2,542.62 2 1
github.com/Vidkin/metrics/internal/router/metric_router.go:542.62,545.3 2 1
github.com/Vidkin/metrics/internal/router/metric_router.go:547.2,547.66 1 1
github.com/Vidkin/metrics/internal/router/metric_router.go:547.66,550.3 2 1
github.com/Vidkin/metrics/internal/router/metric_router.go:552.2,556.38 2 1
github.com/Vidkin/metrics/internal/router/metric_router.go:556.38,558.17 2 1
github.com/Vidkin/metrics/internal/router/metric_router.go:558.17,560.30 2 1
github.com/Vidkin/metrics/internal/router/metric_router.go:560.30,561.74 1 1
github.com/Vidkin/metrics/internal/router/metric_router.go:561.74,564.14 3 1
github.com/Vidkin/metrics/internal/router/metric_router.go:567.4,569.10 3 1
github.com/Vidkin/metrics/internal/router/metric_router.go:571.3,571.8 1 1
github.com/Vidkin/metrics/internal/router/metric_router.go:574.2,577.16 3 1
github.com/Vidkin/metrics/internal/router/metric_router.go:577.16,581.3 3 0
github.com/Vidkin/metrics/internal/router/metric_router.go:582.2,583.16 2 1
github.com/Vidkin/metrics/internal/router/metric_router.go:583.16,587.3 3 0
github.com/Vidkin/metrics/internal/router/metric_router.go:588.2,588.32 1 1
github.com/Vidkin/metrics/internal/router/metric_router.go:596.94,597.58 1 1
github.com/Vidkin/metrics/internal/router/metric_router.go:597.58,600.3 2 1
github.com/Vidkin/metrics/internal/router/metric_router.go:602.2,603.67 2 1
github.com/Vidkin/metrics/internal/router/metric_router.go:603.67,606.3 2 1
github.com/Vidkin/metrics/internal/router/metric_router.go:607.2,607.33 1 1
github.com/Vidkin/metrics/internal/router/metric_router.go:607.33,609.17 2 1
github.com/Vidkin/metrics/internal/router/metric_router.go:609.17,611.4 1 0
github.com/Vidkin/metrics/internal/router/metric_router.go:614.2,614.28 1 1
github.com/Vidkin/metrics/internal/router/metric_router.go:614.28,615.105 1 1
github.com/Vidkin/metrics/internal/router/metric_router.go:615.105,618.4 2 1
github.com/Vidkin/metrics/internal/router/metric_router.go:621.2,621.38 1 1
github.com/Vidkin/metrics/internal/router/metric_router.go:621.38,623.17 2 1
github.com/Vidkin/metrics/internal/router/metric_router.go:623.17,625.30 2 1
github.com/Vidkin/metrics/internal/router/metric_router.go:625.30,626.74 1 1
github.com/Vidkin/metrics/internal/router/metric_router.go:626.74,629.14 3 1
github.com/Vidkin/metrics/internal/router/metric_router.go:632.4,634.10 3 1
github.com/Vidkin/metrics/internal/router/metric_router.go:636.3,636.8 1 1
github.com/Vidkin/metrics/internal/router/metric_router.go:639.2,639.29 1 1
github.com/Vidkin/metrics/internal/router/metric_router.go:639.29,640.44 1 1
github.com/Vidkin/metrics/internal/router/metric_router.go:640.44,643.4 2 1
github.com/Vidkin/metrics/internal/router/metric_router.go:646.2,646.28 1 1
github.com/Vidkin/metrics/internal/router/metric_router.go:646.28,651.39 2 1
github.com/Vidkin/metrics/internal/router/metric_router.go:651.39,653.18 2 1
github.com/Vidkin/metrics/internal/router/metric_router.go:653.18,655.31 2 1
github.com/Vidkin/metrics/internal/router/metric_router.go:655.31,656.75 1 1
github.com/Vidkin/metrics/internal/router/metric_router.go:656.75,659.15 3 1
github.com/Vidkin/metrics/internal/router/metric_router.go:662.5,664.11 3 1
github.com/Vidkin/metrics/internal/router/metric_router.go:666.4,666.9 1 1
github.com/Vidkin/metrics/internal/router/metric_router.go:668.3,668.24 1 1
github.com/Vidkin/metrics/internal/router/metric_router.go:670.2,672.44 3 1
github.com/Vidkin/metrics/internal/router/metric_router.go:672.44,676.3 3 0
github.com/Vidkin/metrics/internal/router/metric_router.go:677.2,677.32 1 1
github.com/Vidkin/metrics/internal/router/storage_factory.go:21.48,29.2 7 1
github.com/Vidkin/metrics/internal/router/storage_factory.go:31.66,40.2 8 0
github.com/Vidkin/metrics/internal/router/storage_factory.go:42.73,49.16 6 1
github.com/Vidkin/metrics/internal/router/storage_factory.go:49.16,52.3 2 0
github.com/Vidkin/metrics/internal/router/storage_factory.go:54.2,55.16 2 1
github.com/Vidkin/metrics/internal/router/storage_factory.go:55.16,58.3 2 1
github.com/Vidkin/metrics/internal/router/storage_factory.go:60.2,61.16 2 1
github.com/Vidkin/metrics/internal/router/storage_factory.go:61.16,64.3 2 0
github.com/Vidkin/metrics/internal/router/storage_factory.go:66.2,67.16 2 1
github.com/Vidkin/metrics/internal/router/storage_factory.go:67.16,70.3 2 0
github.com/Vidkin/metrics/internal/router/storage_factory.go:72.2,72.61 1 1
github.com/Vidkin/metrics/internal/router/storage_factory.go:72.61,75.3 2 0
github.com/Vidkin/metrics/internal/router/storage_factory.go:76.2,77.16 2 1
github.com/Vidkin/metrics/internal/router/storage_factory.go:80.66,81.27 1 1
github.com/Vidkin/metrics/internal/router/storage_factory.go:81.27,83.3 1 1
github.com/Vidkin/metrics/internal/router/storage_factory.go:85.2,85.31 1 0
github.com/Vidkin/metrics/internal/router/storage_factory.go:85.31,87.18 2 0
github.com/Vidkin/metrics/internal/router/storage_factory.go:87.18,91.41 3 0
github.com/Vidkin/metrics/internal/router/storage_factory.go:91.41,93.19 2 0
github.com/Vidkin/metrics/internal/router/storage_factory.go:93.19,95.57 2 0
github.com/Vidkin/metrics/internal/router/storage_factory.go:95.57,98.15 3 0
github.com/Vidkin/metrics/internal/router/storage_factory.go:100.6,100.65 1 0
github.com/Vidkin/metrics/internal/router/storage_factory.go:102.5,102.10 1 0
github.com/Vidkin/metrics/internal/router/storage_factory.go:105.3,105.26 1 0
github.com/Vidkin/metrics/internal/router/storage_factory.go:108.2,109.24 2 0
github.com/Vidkin/metrics/pkg/compress/gzip.go:32.55,37.2 1 1
github.com/Vidkin/metrics/pkg/compress/gzip.go:41.39,43.2 1 1
github.com/Vidkin/metrics/pkg/compress/gzip.go:53.47,56.2 2 1
github.com/Vidkin/metrics/pkg/compress/gzip.go:60.46,62.2 1 1
github.com/Vidkin/metrics/pkg/compress/gzip.go:66.32,68.2 1 1
github.com/Vidkin/metrics/pkg/compress/gzip.go:87.58,89.16 2 1
github.com/Vidkin/metrics/pkg/compress/gzip.go:89.16,92.3 2 0
github.com/Vidkin/metrics/pkg/compress/gzip.go:94.2,97.8 1 1
github.com/Vidkin/metrics/pkg/compress/gzip.go:107.51,109.2 1 1
github.com/Vidkin/metrics/pkg/compress/gzip.go:113.32,114.36 1 1
github.com/Vidkin/metrics/pkg/compress/gzip.go:114.36,116.3 1 0
github.com/Vidkin/metrics/pkg/compress/gzip.go:117.2,117.21 1 1
github.com/Vidkin/metrics/pkg/hash/sha256.go:22.52,27.2 4 1
github.com/Vidkin/metrics/pkg/middleware/gzip.go:25.40,26.71 1 1
github.com/Vidkin/metrics/pkg/middleware/gzip.go:26.71,29.47 3 1
github.com/Vidkin/metrics/pkg/middleware/gzip.go:29.47,32.17 3 1
github.com/Vidkin/metrics/pkg/middleware/gzip.go:32.17,33.38 1 1
github.com/Vidkin/metrics/pkg/middleware/gzip.go:33.38,35.6 1 0
github.com/Vidkin/metrics/pkg/middleware/gzip.go:39.3,40.48 2 1
github.com/Vidkin/metrics/pkg/middleware/gzip.go:40.48,41.17 1 1
github.com/Vidkin/metrics/pkg/middleware/gzip.go:41.17,42.42 1 1
github.com/Vidkin/metrics/pkg/middleware/gzip.go:42.42,44.6 1 0
github.com/Vidkin/metrics/pkg/middleware/gzip.go:47.4,48.18 2 1
github.com/Vidkin/metrics/pkg/middleware/gzip.go:48.18,52.5 3 0
github.com/Vidkin/metrics/pkg/middleware/gzip.go:53.4,54.17 2 1
github.com/Vidkin/metrics/pkg/middleware/gzip.go:54.17,55.38 1 1
github.com/Vidkin/metrics/pkg/middleware/gzip.go:55.38,57.6 1 0
github.com/Vidkin/metrics/pkg/middleware/gzip.go:61.3,61.21 1 1
github.com/Vidkin/metrics/pkg/middleware/hash.go:31.55,32.46 1 1
github.com/Vidkin/metrics/pkg/middleware/hash.go:32.46,33.72 1 1
github.com/Vidkin/metrics/pkg/middleware/hash.go:33.72,35.18 2 1
github.com/Vidkin/metrics/pkg/middleware/hash.go:35.18,39.5 3 0
github.com/Vidkin/metrics/pkg/middleware/hash.go:39.10,41.19 2 1
github.com/Vidkin/metrics/pkg/middleware/hash.go:41.19,45.6 3 0
github.com/Vidkin/metrics/pkg/middleware/hash.go:47.5,50.18 3 1
github.com/Vidkin/metrics/pkg/middleware/hash.go:50.18,51.42 1 1
github.com/Vidkin/metrics/pkg/middleware/hash.go:51.42,53.7 1 0
github.com/Vidkin/metrics/pkg/middleware/hash.go:56.5,57.19 2 1
github.com/Vidkin/metrics/pkg/middleware/hash.go:57.19,61.6 3 0
github.com/Vidkin/metrics/pkg/middleware/hash.go:63.5,64.35 2 1
github.com/Vidkin/metrics/pkg/middleware/hash.go:64.35,68.6 3 1
github.com/Vidkin/metrics/pkg/middleware/hash.go:70.5,71.18 2 1
github.com/Vidkin/metrics/pkg/middleware/hash.go:71.18,72.43 1 1
github.com/Vidkin/metrics/pkg/middleware/hash.go:72.43,74.7 1 0
github.com/Vidkin/metrics/pkg/middleware/hash.go:78.4,82.29 2 1
github.com/Vidkin/metrics/pkg/middleware/logging.go:33.66,37.2 3 1
github.com/Vidkin/metrics/pkg/middleware/logging.go:46.62,49.2 2 1
github.com/Vidkin/metrics/pkg/middleware/logging.go:65.43,66.74 1 1
github.com/Vidkin/metrics/pkg/middleware/logging.go:66.74,91.3 7 1
